PARAMETERS:
cascadeDirName: dartcascadeLBP
vecFileName: dart.vec
bgFileName: negatives.dat
numPos: 500
numNeg: 500
numStages: 3
precalcValBufSize[Mb] : 1024
precalcIdxBufSize[Mb] : 1024
acceptanceRatioBreakValue : -1
stageType: BOOST
featureType: LBP
sampleWidth: 20
sampleHeight: 20
boostType: GAB
minHitRate: 0.999
maxFalseAlarmRate: 0.05
weightTrimRate: 0.95
maxDepth: 1
maxWeakCount: 100
Number of unique features given windowSize [20,20] : 3969

===== TRAINING 0-stage =====
<BEGIN
POS count : consumed   500 : 500
NEG count : acceptanceRatio    500 : 1
Precalculation time: 0
+----+---------+---------+
|  N |    HR   |    FA   |
+----+---------+---------+
|   1|        1|        1|
+----+---------+---------+
|   2|        1|    0.088|
+----+---------+---------+
|   3|        1|    0.002|
+----+---------+---------+
END>
Training until now has taken 0 days 0 hours 0 minutes 0 seconds.

===== TRAINING 1-stage =====
<BEGIN
POS count : consumed   500 : 500
NEG count : acceptanceRatio    500 : 0.0406108
Precalculation time: 0
+----+---------+---------+
|  N |    HR   |    FA   |
+----+---------+---------+
|   1|        1|        1|
+----+---------+---------+
|   2|        1|    0.084|
+----+---------+---------+
|   3|        1|    0.002|
+----+---------+---------+
END>
Training until now has taken 0 days 0 hours 0 minutes 1 seconds.

===== TRAINING 2-stage =====
<BEGIN
POS count : consumed   500 : 500
NEG count : acceptanceRatio    500 : 0.0061115
Precalculation time: 0
+----+---------+---------+
|  N |    HR   |    FA   |
+----+---------+---------+
|   1|        1|        1|
+----+---------+---------+
|   2|        1|     0.13|
+----+---------+---------+
|   3|        1|    0.136|
+----+---------+---------+
|   4|        1|     0.01|
+----+---------+---------+
END>
Training until now has taken 0 days 0 hours 0 minutes 2 seconds.
