PARAMETERS:
cascadeDirName: dartcascade
vecFileName: dart.vec
bgFileName: negatives.dat
numPos: 500
numNeg: 500
numStages: 3
precalcValBufSize[Mb] : 256
precalcIdxBufSize[Mb] : 256
stageType: BOOST
featureType: HAAR
sampleWidth: 20
sampleHeight: 20
boostType: GAB
minHitRate: 0.999
maxFalseAlarmRate: 0.05
weightTrimRate: 0.95
maxDepth: 1
maxWeakCount: 100
mode: ALL

===== TRAINING 0-stage =====
<BEGIN
POS count : consumed   500 : 500
NEG count : acceptanceRatio    500 : 1
Precalculation time: 8
+----+---------+---------+
|  N |    HR   |    FA   |
+----+---------+---------+
|   1|        1|        1|
+----+---------+---------+
|   2|        1|        1|
+----+---------+---------+
|   3|        1|        1|
+----+---------+---------+
|   4|        1|    0.434|
+----+---------+---------+
|   5|        1|    0.212|
+----+---------+---------+
|   6|        1|     0.13|
+----+---------+---------+
|   7|        1|     0.13|
+----+---------+---------+
|   8|        1|    0.012|
+----+---------+---------+
END>

===== TRAINING 1-stage =====
<BEGIN
POS count : consumed   500 : 500
NEG count : acceptanceRatio    500 : 0.0156177
Precalculation time: 8
+----+---------+---------+
|  N |    HR   |    FA   |
+----+---------+---------+
|   1|        1|        1|
+----+---------+---------+
|   2|        1|        1|
+----+---------+---------+
|   3|        1|    0.396|
+----+---------+---------+
|   4|        1|     0.19|
+----+---------+---------+
|   5|        1|    0.196|
+----+---------+---------+
|   6|        1|    0.012|
+----+---------+---------+
END>

===== TRAINING 2-stage =====
<BEGIN
POS count : consumed   500 : 500
NEG count : acceptanceRatio    500 : 0.000529275
Precalculation time: 8
+----+---------+---------+
|  N |    HR   |    FA   |
+----+---------+---------+
|   1|        1|        1|
+----+---------+---------+
|   2|        1|     0.25|
+----+---------+---------+
|   3|        1|    0.094|
+----+---------+---------+
|   4|        1|     0.09|
+----+---------+---------+
|   5|        1|    0.054|
+----+---------+---------+
|   6|        1|    0.056|
+----+---------+---------+
|   7|        1|    0.002|
+----+---------+---------+
END>
